<?xml version="1.0" encoding="UTF-8"?>
<testsuite xmlns:xsi="http://www.w3.org/2001/XMLSchema-instance" xsi:noNamespaceSchemaLocation="https://maven.apache.org/surefire/maven-surefire-plugin/xsd/surefire-test-report.xsd" name="TestSuite" time="188.615" tests="8" errors="0" skipped="0" failures="2">
  <properties>
[...]
</properties>
  <testcase name="ClickonContactsPageTest" classname="com.qa.testcase.HomePageTest" time="2.656"/>
  <testcase name="ClickonDealsTest" classname="com.qa.testcase.HomePageTest" time="3.418"/>
  <testcase name="ClickonTaskPage" classname="com.qa.testcase.HomePageTest" time="3.353"/>
  <testcase name="VerifyHomePageTitleTest" classname="com.qa.testcase.HomePageTest" time="0.012"/>
  <testcase name="VerifyUserName" classname="com.qa.testcase.HomePageTest" time="0.082">
    <failure message="javascript error: {&quot;status&quot;:32,&quot;value&quot;:&quot;Unable to locate an element with the xpath expression //td[contains(test(),&apos;Akshay Bhagat&apos;)] because of the following error:\nSyntaxError: Failed to execute &apos;evaluate&apos; on &apos;Document&apos;: The string &apos;//td[contains(test(),&apos;Akshay Bhagat&apos;)]&apos; is not a valid XPath expression.&quot;}&#10;  (Session info: chrome=123.0.6312.122)&#10;Build info: version: &apos;4.18.1&apos;, revision: &apos;b1d3319b48&apos;&#10;System info: os.name: &apos;Windows 11&apos;, os.arch: &apos;amd64&apos;, os.version: &apos;10.0&apos;, java.version: &apos;21.0.1&apos;&#10;Driver info: org.openqa.selenium.chrome.ChromeDriver&#10;Command: [1e6eb8e096e6b3664b474745845118d0, findElement {value=//td[contains(test(),&apos;Akshay Bhagat&apos;)], using=xpath}]&#10;Capabilities {acceptInsecureCerts: false, browserName: chrome, browserVersion: 123.0.6312.122, chrome: {chromedriverVersion: 123.0.6312.122 (31f8248cdd9..., userDataDir: C:\WINDOWS\SystemTemp\scope...}, fedcm:accounts: true, goog:chromeOptions: {debuggerAddress: localhost:57831}, networkConnectionEnabled: false, pageLoadStrategy: normal, platformName: windows, proxy: Proxy(), se:cdp: ws://localhost:57831/devtoo..., se:cdpVersion: 123.0.6312.122, setWindowRect: true, strictFileInteractability: false, timeouts: {implicit: 0, pageLoad: 300000, script: 30000}, unhandledPromptBehavior: dismiss and notify, webauthn:extension:credBlob: true, webauthn:extension:largeBlob: true, webauthn:extension:minPinLength: true, webauthn:extension:prf: true, webauthn:virtualAuthenticators: true}&#10;Session ID: 1e6eb8e096e6b3664b474745845118d0" type="org.openqa.selenium.JavascriptException">org.openqa.selenium.JavascriptException: 
javascript error: {"status":32,"value":"Unable to locate an element with the xpath expression //td[contains(test(),'Akshay Bhagat')] because of the following error:\nSyntaxError: Failed to execute 'evaluate' on 'Document': The string '//td[contains(test(),'Akshay Bhagat')]' is not a valid XPath expression."}
  (Session info: chrome=123.0.6312.122)
Build info: version: '4.18.1', revision: 'b1d3319b48'
System info: os.name: 'Windows 11', os.arch: 'amd64', os.version: '10.0', java.version: '21.0.1'
Driver info: org.openqa.selenium.chrome.ChromeDriver
Command: [1e6eb8e096e6b3664b474745845118d0, findElement {value=//td[contains(test(),'Akshay Bhagat')], using=xpath}]
Capabilities {acceptInsecureCerts: false, browserName: chrome, browserVersion: 123.0.6312.122, chrome: {chromedriverVersion: 123.0.6312.122 (31f8248cdd9..., userDataDir: C:\WINDOWS\SystemTemp\scope...}, fedcm:accounts: true, goog:chromeOptions: {debuggerAddress: localhost:57831}, networkConnectionEnabled: false, pageLoadStrategy: normal, platformName: windows, proxy: Proxy(), se:cdp: ws://localhost:57831/devtoo..., se:cdpVersion: 123.0.6312.122, setWindowRect: true, strictFileInteractability: false, timeouts: {implicit: 0, pageLoad: 300000, script: 30000}, unhandledPromptBehavior: dismiss and notify, webauthn:extension:credBlob: true, webauthn:extension:largeBlob: true, webauthn:extension:minPinLength: true, webauthn:extension:prf: true, webauthn:virtualAuthenticators: true}
Session ID: 1e6eb8e096e6b3664b474745845118d0
	at com.qa.testcase.HomePageTest.VerifyUserName(HomePageTest.java:49)
</failure>
    <system-err><![CDATA[Apr 14, 2024 1:26:54 PM org.openqa.selenium.devtools.CdpVersionFinder findNearestMatch
WARNING: Unable to find an exact match for CDP version 123, returning the closest version; found: 122; Please update to a Selenium version that supports CDP version 123
]]></system-err>
  </testcase>
  <testcase name="CRMLogoTest" classname="com.qa.testcase.LoginPageTest" time="0.048"/>
  <testcase name="LoginPageTitleTest" classname="com.qa.testcase.LoginPageTest" time="8.552">
    <failure message="expected [Free CRM Software for customer relationship management, sales, and support.] but found []" type="java.lang.AssertionError">java.lang.AssertionError: expected [Free CRM Software for customer relationship management, sales, and support.] but found []
	at com.qa.testcase.LoginPageTest.LoginPageTitleTest(LoginPageTest.java:34)
</failure>
    <system-err><![CDATA[Apr 14, 2024 1:27:32 PM org.openqa.selenium.devtools.CdpVersionFinder findNearestMatch
WARNING: Unable to find an exact match for CDP version 123, returning the closest version; found: 122; Please update to a Selenium version that supports CDP version 123
]]></system-err>
  </testcase>
  <testcase name="LoginTest" classname="com.qa.testcase.LoginPageTest" time="15.261"/>
</testsuite>